<?xml version="1.0" encoding="UTF-8"?>
<!-- Generated by org.testng.reporters.JUnitReportReporter -->
<testsuite skipped="0" hostname="Jaganath-PC" name="testcase.Comparetest" tests="1" failures="0" timestamp="27 Sep 2022 15:20:20 GMT" time="49.278" errors="0">
  <testcase name="productcomparing" time="49.278" classname="testcase.Comparetest"/>
</testsuite> <!-- testcase.Comparetest -->
