<?xml version="1.0" encoding="UTF-8"?>
<!-- Generated by org.testng.reporters.JUnitReportReporter -->
<testsuite skipped="0" hostname="Jaganath-PC" name="testcase.Sorttest" tests="1" failures="0" timestamp="27 Sep 2022 14:22:07 GMT" time="153.194" errors="0">
  <testcase name="sortbyName" time="153.194" classname="testcase.Sorttest"/>
</testsuite> <!-- testcase.Sorttest -->
