<?xml version="1.0" encoding="UTF-8"?>
<!-- Generated by org.testng.reporters.JUnitReportReporter -->
<testsuite skipped="0" hostname="Jaganath-PC" name="testcase.ProductcostVerification" tests="1" failures="0" timestamp="27 Sep 2022 14:22:07 GMT" time="147.674" errors="0">
  <testcase name="productcostVerify" time="147.674" classname="testcase.ProductcostVerification"/>
</testsuite> <!-- testcase.ProductcostVerification -->
