<?xml version="1.0" encoding="UTF-8"?>
<!-- Generated by org.testng.reporters.JUnitReportReporter -->
<testsuite skipped="0" hostname="Jaganath-PC" name="testcase.Addtocarttest" tests="1" failures="0" timestamp="27 Sep 2022 14:22:07 GMT" time="96.898" errors="0">
  <testcase name="productcostVerify" time="96.898" classname="testcase.Addtocarttest"/>
</testsuite> <!-- testcase.Addtocarttest -->
